#
# There is insufficient memory for the Java Runtime Environment to continue.
# Native memory allocation (malloc) failed to allocate 1120656 bytes for Chunk::new
# Possible reasons:
#   The system is out of physical RAM or swap space
#   The process is running with CompressedOops enabled, and the Java Heap may be blocking the growth of the native heap
# Possible solutions:
#   Reduce memory load on the system
#   Increase physical memory or swap space
#   Check if swap backing store is full
#   Decrease Java heap size (-Xmx/-Xms)
#   Decrease number of Java threads
#   Decrease Java thread stack sizes (-Xss)
#   Set larger code cache with -XX:ReservedCodeCacheSize=
#   JVM is running with Zero Based Compressed Oops mode in which the Java heap is
#     placed in the first 32GB address space. The Java Heap base address is the
#     maximum limit for the native heap growth. Please use -XX:HeapBaseMinAddress
#     to set the Java Heap base and to place the Java Heap above 32GB virtual address.
# This output file may be truncated or incomplete.
#
#  Out of Memory Error (arena.cpp:168), pid=17660, tid=17756
#
# JRE version: Java(TM) SE Runtime Environment (21.0.3+7) (build 21.0.3+7-LTS-152)
# Java VM: Java HotSpot(TM) 64-Bit Server VM (21.0.3+7-LTS-152, mixed mode, sharing, tiered, compressed oops, compressed class ptrs, g1 gc, windows-amd64)
# No core dump will be written. Minidumps are not enabled by default on client versions of Windows
#

---------------  S U M M A R Y ------------

Command Line: -Dmaven.multiModuleProjectDirectory=C:\development\portfolio\hateoas -Djansi.passthrough=true -Dmaven.home=C:\Users\Programatriz\.m2\wrapper\dists\apache-maven-3.9.11-bin\6mqf5t809d9geo83kj4ttckcbc\apache-maven-3.9.11 -Dclassworlds.conf=C:\Users\Programatriz\.m2\wrapper\dists\apache-maven-3.9.11-bin\6mqf5t809d9geo83kj4ttckcbc\apache-maven-3.9.11\bin\m2.conf -Dmaven.ext.class.path=C:\Program Files\JetBrains\IntelliJ IDEA Community Edition 2024.1.4\plugins\maven\lib\maven-event-listener.jar -javaagent:C:\Program Files\JetBrains\IntelliJ IDEA Community Edition 2024.1.4\lib\idea_rt.jar=58096:C:\Program Files\JetBrains\IntelliJ IDEA Community Edition 2024.1.4\bin -Dfile.encoding=UTF-8 -Dsun.stdout.encoding=UTF-8 -Dsun.stderr.encoding=UTF-8 org.codehaus.classworlds.Launcher -Didea.version=2024.1.4 clean install

Host: 11th Gen Intel(R) Core(TM) i5-1135G7 @ 2.40GHz, 8 cores, 23G,  Windows 11 , 64 bit Build 26100 (10.0.26100.4768)
Time: Thu Jul 31 16:15:36 2025 Hora oficial do Brasil elapsed time: 8.606295 seconds (0d 0h 0m 8s)

---------------  T H R E A D  ---------------

Current thread (0x000001bfe06ffb40):  JavaThread "C2 CompilerThread0" daemon [_thread_in_native, id=17756, stack(0x0000006162000000,0x0000006162100000) (1024K)]


Current CompileTask:
C2:   8606 7403       4       org.apache.maven.model.inheritance.DefaultInheritanceAssembler$InheritanceModelMerger::mergePluginContainer_Plugins (433 bytes)

Stack: [0x0000006162000000,0x0000006162100000]
Native frames: (J=compiled Java code, j=interpreted, Vv=VM code, C=native code)
V  [jvm.dll+0x6c63b9]
V  [jvm.dll+0x84fa11]
V  [jvm.dll+0x851f3e]
V  [jvm.dll+0x852613]
V  [jvm.dll+0x27cd46]
V  [jvm.dll+0xc4aad]
V  [jvm.dll+0xc4fe3]
V  [jvm.dll+0x2efaff]
V  [jvm.dll+0x5f150a]
V  [jvm.dll+0x24e99f]
V  [jvm.dll+0x2474cc]
V  [jvm.dll+0x245014]
V  [jvm.dll+0x1c689e]
V  [jvm.dll+0x254609]
V  [jvm.dll+0x252b9a]
V  [jvm.dll+0x3eb056]
V  [jvm.dll+0x7f9ffb]
V  [jvm.dll+0x6c4a9d]
C  [ucrtbase.dll+0x37b0]
C  [KERNEL32.DLL+0x2e8d7]
C  [ntdll.dll+0x3c34c]


---------------  P R O C E S S  ---------------

Threads class SMR info:
_java_thread_list=0x000001c026c4e470, length=20, elements={
0x000001bfbcd54330, 0x000001bfe06e3e00, 0x000001bfe06e4a60, 0x000001bfe06e95d0,
0x000001bfe06ec600, 0x000001bfe06eeaa0, 0x000001bfe06f7640, 0x000001bfe06ffb40,
0x000001bfe08801c0, 0x000001bfe0997dd0, 0x000001bfe0996390, 0x000001bfe0997740,
0x000001c02682ad80, 0x000001bfe0995d00, 0x000001bfe09970b0, 0x000001bfe0998460,
0x000001bfe0994fe0, 0x000001bfe0995670, 0x000001c027c6c690, 0x000001c027c6edf0
}

Java Threads: ( => current thread )
  0x000001bfbcd54330 JavaThread "main"                              [_thread_in_native, id=4232, stack(0x0000006161200000,0x0000006161300000) (1024K)]
  0x000001bfe06e3e00 JavaThread "Reference Handler"          daemon [_thread_blocked, id=19164, stack(0x0000006161a00000,0x0000006161b00000) (1024K)]
  0x000001bfe06e4a60 JavaThread "Finalizer"                  daemon [_thread_blocked, id=9440, stack(0x0000006161b00000,0x0000006161c00000) (1024K)]
  0x000001bfe06e95d0 JavaThread "Signal Dispatcher"          daemon [_thread_blocked, id=10812, stack(0x0000006161c00000,0x0000006161d00000) (1024K)]
  0x000001bfe06ec600 JavaThread "Attach Listener"            daemon [_thread_blocked, id=1756, stack(0x0000006161d00000,0x0000006161e00000) (1024K)]
  0x000001bfe06eeaa0 JavaThread "Service Thread"             daemon [_thread_blocked, id=9044, stack(0x0000006161e00000,0x0000006161f00000) (1024K)]
  0x000001bfe06f7640 JavaThread "Monitor Deflation Thread"   daemon [_thread_blocked, id=14084, stack(0x0000006161f00000,0x0000006162000000) (1024K)]
=>0x000001bfe06ffb40 JavaThread "C2 CompilerThread0"         daemon [_thread_in_native, id=17756, stack(0x0000006162000000,0x0000006162100000) (1024K)]
  0x000001bfe08801c0 JavaThread "C1 CompilerThread0"         daemon [_thread_blocked, id=11600, stack(0x0000006162100000,0x0000006162200000) (1024K)]
  0x000001bfe0997dd0 JavaThread "Common-Cleaner"             daemon [_thread_blocked, id=6364, stack(0x0000006162200000,0x0000006162300000) (1024K)]
  0x000001bfe0996390 JavaThread "Monitor Ctrl-Break"         daemon [_thread_in_native, id=9716, stack(0x0000006162300000,0x0000006162400000) (1024K)]
  0x000001bfe0997740 JavaThread "Notification Thread"        daemon [_thread_blocked, id=848, stack(0x0000006162400000,0x0000006162500000) (1024K)]
  0x000001c02682ad80 JavaThread "C2 CompilerThread1"         daemon [_thread_in_native, id=7340, stack(0x0000006162c00000,0x0000006162d00000) (1024K)]
  0x000001bfe0995d00 JavaThread "Thread-1"                   daemon [_thread_blocked, id=12236, stack(0x0000006162e00000,0x0000006162f00000) (1024K)]
  0x000001bfe09970b0 JavaThread "timeout-check-timer"        daemon [_thread_blocked, id=13860, stack(0x0000006163000000,0x0000006163100000) (1024K)]
  0x000001bfe0998460 JavaThread "ping-timer-10s"             daemon [_thread_blocked, id=14176, stack(0x0000006163100000,0x0000006163200000) (1024K)]
  0x000001bfe0994fe0 JavaThread "ThreadedStreamConsumer"     daemon [_thread_blocked, id=1624, stack(0x0000006163200000,0x0000006163300000) (1024K)]
  0x000001bfe0995670 JavaThread "fork-1-err-thread"          daemon [_thread_in_native, id=13936, stack(0x0000006163300000,0x0000006163400000) (1024K)]
  0x000001c027c6c690 JavaThread "commands-fork-1"            daemon [_thread_blocked, id=9036, stack(0x0000006163400000,0x0000006163500000) (1024K)]
  0x000001c027c6edf0 JavaThread "fork-1-event-thread"        daemon [_thread_in_native, id=5940, stack(0x0000006163500000,0x0000006163600000) (1024K)]
Total: 20

Other Threads:
  0x000001bfe06c4f60 VMThread "VM Thread"                           [id=380, stack(0x0000006161900000,0x0000006161a00000) (1024K)]
  0x000001bfe06b0180 WatcherThread "VM Periodic Task Thread"        [id=12992, stack(0x0000006161800000,0x0000006161900000) (1024K)]
  0x000001bfbcf0a270 WorkerThread "GC Thread#0"                     [id=18620, stack(0x0000006161300000,0x0000006161400000) (1024K)]
  0x000001c026498e10 WorkerThread "GC Thread#1"                     [id=9844, stack(0x0000006162500000,0x0000006162600000) (1024K)]
  0x000001c02686e850 WorkerThread "GC Thread#2"                     [id=8980, stack(0x0000006162600000,0x0000006162700000) (1024K)]
  0x000001c02686ebf0 WorkerThread "GC Thread#3"                     [id=5580, stack(0x0000006162700000,0x0000006162800000) (1024K)]
  0x000001c02686ef90 WorkerThread "GC Thread#4"                     [id=18656, stack(0x0000006162800000,0x0000006162900000) (1024K)]
  0x000001c0266e9690 WorkerThread "GC Thread#5"                     [id=13652, stack(0x0000006162900000,0x0000006162a00000) (1024K)]
  0x000001c0266e9e40 WorkerThread "GC Thread#6"                     [id=5484, stack(0x0000006162a00000,0x0000006162b00000) (1024K)]
  0x000001c0268b0a50 WorkerThread "GC Thread#7"                     [id=5876, stack(0x0000006162b00000,0x0000006162c00000) (1024K)]
  0x000001bfbcf16f30 ConcurrentGCThread "G1 Main Marker"            [id=13440, stack(0x0000006161400000,0x0000006161500000) (1024K)]
  0x000001bfbcf187c0 WorkerThread "G1 Conc#0"                       [id=17772, stack(0x0000006161500000,0x0000006161600000) (1024K)]
  0x000001c027d6ba30 WorkerThread "G1 Conc#1"                       [id=6816, stack(0x0000006162f00000,0x0000006163000000) (1024K)]
  0x000001bfe05816f0 ConcurrentGCThread "G1 Refine#0"               [id=18200, stack(0x0000006161600000,0x0000006161700000) (1024K)]
  0x000001bfe0582070 ConcurrentGCThread "G1 Service"                [id=13880, stack(0x0000006161700000,0x0000006161800000) (1024K)]
Total: 15

Threads with active compile tasks:
C2 CompilerThread0    11674 7403       4       org.apache.maven.model.inheritance.DefaultInheritanceAssembler$InheritanceModelMerger::mergePluginContainer_Plugins (433 bytes)
C2 CompilerThread1    11674 7281   !   4       java.lang.ClassLoader::loadClass (121 bytes)
Total: 2

VM state: not at safepoint (normal execution)

VM Mutex/Monitor currently owned by a thread: None

Heap address: 0x0000000684400000, size: 6076 MB, Compressed Oops mode: Zero based, Oop shift amount: 3

CDS archive(s) mapped at: [0x000001bfe1000000-0x000001bfe1c90000-0x000001bfe1c90000), size 13172736, SharedBaseAddress: 0x000001bfe1000000, ArchiveRelocationMode: 1.
Compressed class space mapped at: 0x000001bfe2000000-0x000001c022000000, reserved size: 1073741824
Narrow klass base: 0x000001bfe1000000, Narrow klass shift: 0, Narrow klass range: 0x100000000

GC Precious Log:
 CardTable entry size: 512
 Card Set container configuration: InlinePtr #cards 4 size 8 Array Of Cards #cards 32 size 80 Howl #buckets 8 coarsen threshold 7372 Howl Bitmap #cards 1024 size 144 coarsen threshold 921 Card regions per heap region 1 cards per card region 8192
 CPUs: 8 total, 8 available
 Memory: 24299M
 Large Page Support: Disabled
 NUMA Support: Disabled
 Compressed Oops: Enabled (Zero based)
 Heap Region Size: 4M
 Heap Min Capacity: 8M
 Heap Initial Capacity: 380M
 Heap Max Capacity: 6076M
 Pre-touch: Disabled
 Parallel Workers: 8
 Concurrent Workers: 2
 Concurrent Refinement Workers: 8
 Periodic GC: Disabled

Heap:
 garbage-first heap   total 147456K, used 81599K [0x0000000684400000, 0x0000000800000000)
  region size 4096K, 12 young (49152K), 3 survivors (12288K)
 Metaspace       used 35588K, committed 36160K, reserved 1114112K
  class space    used 4085K, committed 4352K, reserved 1048576K

Heap Regions: E=young(eden), S=young(survivor), O=old, HS=humongous(starts), HC=humongous(continues), CS=collection set, F=free, TAMS=top-at-mark-start, PB=parsable bottom
|   0|0x0000000684400000, 0x0000000684400000, 0x0000000684800000|  0%| F|  |TAMS 0x0000000684400000| PB 0x0000000684400000| Untracked 
|   1|0x0000000684800000, 0x0000000684c00000, 0x0000000684c00000|100%|HS|  |TAMS 0x0000000684800000| PB 0x0000000684800000| Complete 
|   2|0x0000000684c00000, 0x0000000685000000, 0x0000000685000000|100%|HS|  |TAMS 0x0000000684c00000| PB 0x0000000684c00000| Complete 
|   3|0x0000000685000000, 0x0000000685400000, 0x0000000685400000|100%| O|  |TAMS 0x0000000685000000| PB 0x0000000685000000| Untracked 
|   4|0x0000000685400000, 0x0000000685800000, 0x0000000685800000|100%| O|  |TAMS 0x0000000685400000| PB 0x0000000685400000| Untracked 
|   5|0x0000000685800000, 0x0000000685bafec0, 0x0000000685c00000| 92%| O|  |TAMS 0x0000000685800000| PB 0x0000000685800000| Untracked 
|   6|0x0000000685c00000, 0x0000000685c00000, 0x0000000686000000|  0%| F|  |TAMS 0x0000000685c00000| PB 0x0000000685c00000| Untracked 
|   7|0x0000000686000000, 0x0000000686000000, 0x0000000686400000|  0%| F|  |TAMS 0x0000000686000000| PB 0x0000000686000000| Untracked 
|   8|0x0000000686400000, 0x0000000686800000, 0x0000000686800000|100%| S|CS|TAMS 0x0000000686400000| PB 0x0000000686400000| Complete 
|   9|0x0000000686800000, 0x0000000686c00000, 0x0000000686c00000|100%| S|CS|TAMS 0x0000000686800000| PB 0x0000000686800000| Complete 
|  10|0x0000000686c00000, 0x0000000687000000, 0x0000000687000000|100%| S|CS|TAMS 0x0000000686c00000| PB 0x0000000686c00000| Complete 
|  11|0x0000000687000000, 0x0000000687000000, 0x0000000687400000|  0%| F|  |TAMS 0x0000000687000000| PB 0x0000000687000000| Untracked 
|  12|0x0000000687400000, 0x0000000687400000, 0x0000000687800000|  0%| F|  |TAMS 0x0000000687400000| PB 0x0000000687400000| Untracked 
|  13|0x0000000687800000, 0x0000000687800000, 0x0000000687c00000|  0%| F|  |TAMS 0x0000000687800000| PB 0x0000000687800000| Untracked 
|  14|0x0000000687c00000, 0x0000000687c00000, 0x0000000688000000|  0%| F|  |TAMS 0x0000000687c00000| PB 0x0000000687c00000| Untracked 
|  15|0x0000000688000000, 0x0000000688000000, 0x0000000688400000|  0%| F|  |TAMS 0x0000000688000000| PB 0x0000000688000000| Untracked 
|  16|0x0000000688400000, 0x0000000688400000, 0x0000000688800000|  0%| F|  |TAMS 0x0000000688400000| PB 0x0000000688400000| Untracked 
|  17|0x0000000688800000, 0x0000000688800000, 0x0000000688c00000|  0%| F|  |TAMS 0x0000000688800000| PB 0x0000000688800000| Untracked 
|  18|0x0000000688c00000, 0x0000000688c00000, 0x0000000689000000|  0%| F|  |TAMS 0x0000000688c00000| PB 0x0000000688c00000| Untracked 
|  19|0x0000000689000000, 0x0000000689000000, 0x0000000689400000|  0%| F|  |TAMS 0x0000000689000000| PB 0x0000000689000000| Untracked 
|  20|0x0000000689400000, 0x0000000689400000, 0x0000000689800000|  0%| F|  |TAMS 0x0000000689400000| PB 0x0000000689400000| Untracked 
|  21|0x0000000689800000, 0x0000000689800000, 0x0000000689c00000|  0%| F|  |TAMS 0x0000000689800000| PB 0x0000000689800000| Untracked 
|  22|0x0000000689c00000, 0x0000000689c00000, 0x000000068a000000|  0%| F|  |TAMS 0x0000000689c00000| PB 0x0000000689c00000| Untracked 
|  23|0x000000068a000000, 0x000000068a400000, 0x000000068a400000|100%| E|  |TAMS 0x000000068a000000| PB 0x000000068a000000| Complete 
|  24|0x000000068a400000, 0x000000068a800000, 0x000000068a800000|100%| E|CS|TAMS 0x000000068a400000| PB 0x000000068a400000| Complete 
|  25|0x000000068a800000, 0x000000068ac00000, 0x000000068ac00000|100%| E|CS|TAMS 0x000000068a800000| PB 0x000000068a800000| Complete 
|  47|0x0000000690000000, 0x0000000690400000, 0x0000000690400000|100%| E|CS|TAMS 0x0000000690000000| PB 0x0000000690000000| Complete 
|  48|0x0000000690400000, 0x0000000690800000, 0x0000000690800000|100%| E|CS|TAMS 0x0000000690400000| PB 0x0000000690400000| Complete 
|  49|0x0000000690800000, 0x0000000690c00000, 0x0000000690c00000|100%| E|CS|TAMS 0x0000000690800000| PB 0x0000000690800000| Complete 
|  50|0x0000000690c00000, 0x0000000691000000, 0x0000000691000000|100%| E|CS|TAMS 0x0000000690c00000| PB 0x0000000690c00000| Complete 
|  51|0x0000000691000000, 0x0000000691400000, 0x0000000691400000|100%| E|CS|TAMS 0x0000000691000000| PB 0x0000000691000000| Complete 
|  94|0x000000069bc00000, 0x000000069c000000, 0x000000069c000000|100%| E|CS|TAMS 0x000000069bc00000| PB 0x000000069bc00000| Complete 
|1515|0x00000007ff000000, 0x00000007ff400000, 0x00000007ff400000|100%| O|  |TAMS 0x00000007ff000000| PB 0x00000007ff000000| Untracked 
|1516|0x00000007ff400000, 0x00000007ff800000, 0x00000007ff800000|100%| O|  |TAMS 0x00000007ff400000| PB 0x00000007ff400000| Untracked 
|1517|0x00000007ff800000, 0x00000007ffc00000, 0x00000007ffc00000|100%| O|  |TAMS 0x00000007ff800000| PB 0x00000007ff800000| Untracked 
|1518|0x00000007ffc00000, 0x0000000800000000, 0x0000000800000000|100%| O|  |TAMS 0x00000007ffc00000| PB 0x00000007ffc00000| Untracked 

Card table byte_map: [0x000001bfd7150000,0x000001bfd7d30000] _byte_map_base: 0x000001bfd3d2e000

Marking Bits: (CMBitMap*) 0x000001bfbcf0a880
 Bits: [0x000001bfd7d30000, 0x000001bfddc20000)

Polling page: 0x000001bfbcf50000

Metaspace:

Usage:
  Non-class:     30.76 MB used.
      Class:      3.99 MB used.
       Both:     34.75 MB used.

Virtual space:
  Non-class space:       64.00 MB reserved,      31.06 MB ( 49%) committed,  1 nodes.
      Class space:        1.00 GB reserved,       4.25 MB ( <1%) committed,  1 nodes.
             Both:        1.06 GB reserved,      35.31 MB (  3%) committed. 

Chunk freelists:
   Non-Class:  672.00 KB
       Class:  11.56 MB
        Both:  12.22 MB

MaxMetaspaceSize: unlimited
CompressedClassSpaceSize: 1.00 GB
Initial GC threshold: 21.00 MB
Current GC threshold: 35.44 MB
CDS: on
 - commit_granule_bytes: 65536.
 - commit_granule_words: 8192.
 - virtual_space_node_default_size: 8388608.
 - enlarge_chunks_in_place: 1.
 - use_allocation_guard: 0.


Internal statistics:

num_allocs_failed_limit: 3.
num_arena_births: 492.
num_arena_deaths: 0.
num_vsnodes_births: 2.
num_vsnodes_deaths: 0.
num_space_committed: 565.
num_space_uncommitted: 0.
num_chunks_returned_to_freelist: 3.
num_chunks_taken_from_freelist: 1780.
num_chunk_merges: 3.
num_chunk_splits: 1245.
num_chunks_enlarged: 967.
num_inconsistent_stats: 0.

CodeHeap 'non-profiled nmethods': size=120000Kb used=4804Kb max_used=4804Kb free=115195Kb
 bounds [0x000001bfce5d0000, 0x000001bfcea90000, 0x000001bfd5b00000]
CodeHeap 'profiled nmethods': size=120000Kb used=16350Kb max_used=16350Kb free=103649Kb
 bounds [0x000001bfc6b00000, 0x000001bfc7b00000, 0x000001bfce030000]
CodeHeap 'non-nmethods': size=5760Kb used=1691Kb max_used=1704Kb free=4068Kb
 bounds [0x000001bfce030000, 0x000001bfce2a0000, 0x000001bfce5d0000]
 total_blobs=8081 nmethods=7491 adapters=494
 compilation: enabled
              stopped_count=0, restarted_count=0
 full_count=0

Compilation events (20 events):
Event: 6.952 Thread 0x000001c027b93130 nmethod 7477 0x000001bfcea7f810 code [0x000001bfcea7f9a0, 0x000001bfcea7fac0]
Event: 6.966 Thread 0x000001bfe08801c0 7479       3       java.util.zip.CRC32::update (38 bytes)
Event: 6.966 Thread 0x000001bfe08801c0 nmethod 7479 0x000001bfc7af0d10 code [0x000001bfc7af0f00, 0x000001bfc7af1338]
Event: 6.977 Thread 0x000001bfe08801c0 7480       3       java.lang.ThreadLocal$ThreadLocalMap$Entry::<init> (11 bytes)
Event: 6.977 Thread 0x000001bfe08801c0 nmethod 7480 0x000001bfc7af1510 code [0x000001bfc7af16e0, 0x000001bfc7af1ac8]
Event: 6.978 Thread 0x000001c027b93130 7481   !   4       java.util.regex.Pattern::<init> (144 bytes)
Event: 6.978 Thread 0x000001bfe08801c0 7482       3       java.lang.invoke.InnerClassLambdaMetafactory::spinInnerClass (118 bytes)
Event: 6.979 Thread 0x000001bfe08801c0 nmethod 7482 0x000001bfc7af1c10 code [0x000001bfc7af1de0, 0x000001bfc7af20e8]
Event: 6.981 Thread 0x000001bfe08801c0 7483       3       java.lang.String::indexOf (64 bytes)
Event: 6.981 Thread 0x000001bfe08801c0 nmethod 7483 0x000001bfc7af2210 code [0x000001bfc7af2420, 0x000001bfc7af2900]
Event: 6.982 Thread 0x000001c027b93130 nmethod 7481 0x000001bfcea7fe90 code [0x000001bfcea80060, 0x000001bfcea80330]
Event: 6.982 Thread 0x000001c027b93130 7484       4       java.io.RandomAccessFile::readFully (45 bytes)
Event: 6.984 Thread 0x000001c027b93130 nmethod 7484 0x000001bfcea80510 code [0x000001bfcea806c0, 0x000001bfcea80878]
Event: 6.984 Thread 0x000001bfe08801c0 7485       3       java.lang.AbstractStringBuilder::append (45 bytes)
Event: 6.984 Thread 0x000001bfe08801c0 nmethod 7485 0x000001bfc7af2a90 code [0x000001bfc7af2ca0, 0x000001bfc7af31e0]
Event: 6.987 Thread 0x000001bfe08801c0 7486       3       java.lang.String::getBytes (44 bytes)
Event: 6.987 Thread 0x000001bfe08801c0 nmethod 7486 0x000001bfc7af3410 code [0x000001bfc7af35e0, 0x000001bfc7af38f0]
Event: 7.212 Thread 0x000001bfe08801c0 7487       1       java.util.concurrent.atomic.AtomicInteger::get (5 bytes)
Event: 7.212 Thread 0x000001bfe08801c0 nmethod 7487 0x000001bfcea80b10 code [0x000001bfcea80ca0, 0x000001bfcea80d68]
Event: 8.086 Thread 0x000001bfe08801c0 7488       3       java.util.concurrent.ConcurrentLinkedQueue::updateHead (26 bytes)

GC Heap History (10 events):
Event: 0.600 GC heap before
{Heap before GC invocations=0 (full 0):
 garbage-first heap   total 389120K, used 20480K [0x0000000684400000, 0x0000000800000000)
  region size 4096K, 5 young (20480K), 0 survivors (0K)
 Metaspace       used 5428K, committed 5632K, reserved 1114112K
  class space    used 617K, committed 704K, reserved 1048576K
}
Event: 0.603 GC heap after
{Heap after GC invocations=1 (full 0):
 garbage-first heap   total 389120K, used 3677K [0x0000000684400000, 0x0000000800000000)
  region size 4096K, 1 young (4096K), 1 survivors (4096K)
 Metaspace       used 5428K, committed 5632K, reserved 1114112K
  class space    used 617K, committed 704K, reserved 1048576K
}
Event: 0.986 GC heap before
{Heap before GC invocations=1 (full 0):
 garbage-first heap   total 389120K, used 28253K [0x0000000684400000, 0x0000000800000000)
  region size 4096K, 7 young (28672K), 1 survivors (4096K)
 Metaspace       used 7553K, committed 7680K, reserved 1114112K
  class space    used 878K, committed 960K, reserved 1048576K
}
Event: 0.988 GC heap after
{Heap after GC invocations=2 (full 0):
 garbage-first heap   total 389120K, used 4558K [0x0000000684400000, 0x0000000800000000)
  region size 4096K, 1 young (4096K), 1 survivors (4096K)
 Metaspace       used 7553K, committed 7680K, reserved 1114112K
  class space    used 878K, committed 960K, reserved 1048576K
}
Event: 4.004 GC heap before
{Heap before GC invocations=2 (full 0):
 garbage-first heap   total 389120K, used 180686K [0x0000000684400000, 0x0000000800000000)
  region size 4096K, 43 young (176128K), 1 survivors (4096K)
 Metaspace       used 21210K, committed 21504K, reserved 1114112K
  class space    used 2397K, committed 2560K, reserved 1048576K
}
Event: 4.016 GC heap after
{Heap after GC invocations=3 (full 0):
 garbage-first heap   total 389120K, used 29123K [0x0000000684400000, 0x0000000800000000)
  region size 4096K, 5 young (20480K), 5 survivors (20480K)
 Metaspace       used 21210K, committed 21504K, reserved 1114112K
  class space    used 2397K, committed 2560K, reserved 1048576K
}
Event: 5.650 GC heap before
{Heap before GC invocations=4 (full 0):
 garbage-first heap   total 122880K, used 119235K [0x0000000684400000, 0x0000000800000000)
  region size 4096K, 27 young (110592K), 5 survivors (20480K)
 Metaspace       used 31078K, committed 31616K, reserved 1114112K
  class space    used 3597K, committed 3840K, reserved 1048576K
}
Event: 5.662 GC heap after
{Heap after GC invocations=5 (full 0):
 garbage-first heap   total 147456K, used 27850K [0x0000000684400000, 0x0000000800000000)
  region size 4096K, 2 young (8192K), 2 survivors (8192K)
 Metaspace       used 31078K, committed 31616K, reserved 1114112K
  class space    used 3597K, committed 3840K, reserved 1048576K
}
Event: 6.459 GC heap before
{Heap before GC invocations=5 (full 0):
 garbage-first heap   total 147456K, used 109770K [0x0000000684400000, 0x0000000800000000)
  region size 4096K, 21 young (86016K), 2 survivors (8192K)
 Metaspace       used 32495K, committed 33024K, reserved 1114112K
  class space    used 3752K, committed 3968K, reserved 1048576K
}
Event: 6.476 GC heap after
{Heap after GC invocations=6 (full 0):
 garbage-first heap   total 147456K, used 48831K [0x0000000684400000, 0x0000000800000000)
  region size 4096K, 3 young (12288K), 3 survivors (12288K)
 Metaspace       used 32495K, committed 33024K, reserved 1114112K
  class space    used 3752K, committed 3968K, reserved 1048576K
}

Dll operation events (12 events):
Event: 0.010 Loaded shared library C:\Program Files\Java\jdk-21\bin\java.dll
Event: 0.044 Loaded shared library C:\Program Files\Java\jdk-21\bin\jsvml.dll
Event: 0.078 Loaded shared library C:\Program Files\Java\jdk-21\bin\zip.dll
Event: 0.082 Loaded shared library C:\Program Files\Java\jdk-21\bin\instrument.dll
Event: 0.099 Loaded shared library C:\Program Files\Java\jdk-21\bin\net.dll
Event: 0.101 Loaded shared library C:\Program Files\Java\jdk-21\bin\nio.dll
Event: 0.104 Loaded shared library C:\Program Files\Java\jdk-21\bin\zip.dll
Event: 0.115 Loaded shared library C:\Program Files\JetBrains\IntelliJ IDEA Community Edition 2024.1.4\bin\breakgen64.dll
Event: 0.123 Loaded shared library C:\Program Files\Java\jdk-21\bin\extnet.dll
Event: 0.279 Loaded shared library C:\Program Files\Java\jdk-21\bin\jimage.dll
Event: 0.299 Loaded shared library C:\Users\Programatriz\AppData\Local\Temp\jansi-2.4.2-92075a515331c68e-jansi.dll
Event: 0.309 Loaded shared library C:\Program Files\Java\jdk-21\bin\verify.dll

Deoptimization events (20 events):
Event: 6.980 Thread 0x000001bfe0995670 Uncommon trap: trap_request=0xffffff45 fr.pc=0x000001bfce600cb8 relative=0x0000000000000118
Event: 6.980 Thread 0x000001bfe0995670 Uncommon trap: reason=unstable_if action=reinterpret pc=0x000001bfce600cb8 method=java.lang.String.getBytes([BIB)V @ 5 c2
Event: 6.981 Thread 0x000001bfe0995670 DEOPT PACKING pc=0x000001bfce600cb8 sp=0x00000061633ff160
Event: 6.981 Thread 0x000001bfe0995670 DEOPT UNPACKING pc=0x000001bfce087da2 sp=0x00000061633ff128 mode 2
Event: 6.981 Thread 0x000001bfe0995670 Uncommon trap: trap_request=0xffffff45 fr.pc=0x000001bfce6702b0 relative=0x0000000000000570
Event: 6.981 Thread 0x000001bfe0995670 Uncommon trap: reason=unstable_if action=reinterpret pc=0x000001bfce6702b0 method=java.lang.String.<init>(Ljava/lang/AbstractStringBuilder;Ljava/lang/Void;)V @ 19 c2
Event: 6.981 Thread 0x000001bfe0995670 DEOPT PACKING pc=0x000001bfce6702b0 sp=0x00000061633ff2a0
Event: 6.981 Thread 0x000001bfe0995670 DEOPT UNPACKING pc=0x000001bfce087da2 sp=0x00000061633ff198 mode 2
Event: 6.981 Thread 0x000001bfe0995670 Uncommon trap: trap_request=0xffffff76 fr.pc=0x000001bfcea1368c relative=0x0000000000002a8c
Event: 6.981 Thread 0x000001bfe0995670 Uncommon trap: reason=predicate action=maybe_recompile pc=0x000001bfcea1368c method=java.util.regex.Pattern.compile()V @ 78 c2
Event: 6.981 Thread 0x000001bfe0995670 DEOPT PACKING pc=0x000001bfcea1368c sp=0x00000061633ff280
Event: 6.981 Thread 0x000001bfe0995670 DEOPT UNPACKING pc=0x000001bfce087da2 sp=0x00000061633ff270 mode 2
Event: 6.981 Thread 0x000001bfe0995670 Uncommon trap: trap_request=0xffffff45 fr.pc=0x000001bfce7924e8 relative=0x00000000000000c8
Event: 6.981 Thread 0x000001bfe0995670 Uncommon trap: reason=unstable_if action=reinterpret pc=0x000001bfce7924e8 method=java.lang.String.codePointAt(I)I @ 4 c2
Event: 6.981 Thread 0x000001bfe0995670 DEOPT PACKING pc=0x000001bfce7924e8 sp=0x00000061633ff270
Event: 6.981 Thread 0x000001bfe0995670 DEOPT UNPACKING pc=0x000001bfce087da2 sp=0x00000061633ff208 mode 2
Event: 6.981 Thread 0x000001bfe0995670 Uncommon trap: trap_request=0xffffffc6 fr.pc=0x000001bfce7c3ad8 relative=0x0000000000000198
Event: 6.981 Thread 0x000001bfe0995670 Uncommon trap: reason=bimorphic_or_optimized_type_check action=maybe_recompile pc=0x000001bfce7c3ad8 method=java.util.regex.Matcher.getTextLength()I @ 4 c2
Event: 6.981 Thread 0x000001bfe0995670 DEOPT PACKING pc=0x000001bfce7c3ad8 sp=0x00000061633ff2f0
Event: 6.981 Thread 0x000001bfe0995670 DEOPT UNPACKING pc=0x000001bfce087da2 sp=0x00000061633ff240 mode 2

Classes loaded (20 events):
Event: 6.962 Loading class jdk/internal/logger/LoggerFinderLoader
Event: 6.962 Loading class jdk/internal/logger/LoggerFinderLoader done
Event: 6.962 Loading class jdk/internal/logger/LoggerFinderLoader$TemporaryLoggerFinder
Event: 6.962 Loading class jdk/internal/logger/LoggerFinderLoader$TemporaryLoggerFinder done
Event: 6.963 Loading class sun/util/logging/internal/LoggingProviderImpl$JULWrapper
Event: 6.963 Loading class sun/util/logging/PlatformLogger$ConfigurableBridge$LoggerConfiguration
Event: 6.963 Loading class sun/util/logging/PlatformLogger$ConfigurableBridge$LoggerConfiguration done
Event: 6.963 Loading class sun/util/logging/internal/LoggingProviderImpl$JULWrapper done
Event: 6.963 Loading class java/lang/System$Logger$Level
Event: 6.963 Loading class java/lang/System$Logger$Level done
Event: 6.964 Loading class java/nio/channels/ClosedChannelException
Event: 6.964 Loading class java/nio/channels/ClosedChannelException done
Event: 6.965 Loading class java/nio/channels/NonReadableChannelException
Event: 6.965 Loading class java/nio/channels/NonReadableChannelException done
Event: 6.965 Loading class java/nio/channels/NonWritableChannelException
Event: 6.965 Loading class java/nio/channels/NonWritableChannelException done
Event: 6.977 Loading class java/util/Scanner
Event: 6.978 Loading class java/util/Scanner done
Event: 6.979 Loading class java/util/Scanner$PatternLRUCache
Event: 6.979 Loading class java/util/Scanner$PatternLRUCache done

Classes unloaded (0 events):
No events

Classes redefined (0 events):
No events

Internal exceptions (20 events):
Event: 6.490 Thread 0x000001bfbcd54330 Exception <a 'sun/nio/fs/WindowsException'{0x000000069bd03790}> (0x000000069bd03790) 
thrown [s\open\src\hotspot\share\prims\jni.cpp, line 520]
Event: 6.490 Thread 0x000001bfbcd54330 Exception <a 'sun/nio/fs/WindowsException'{0x000000069bd040f8}> (0x000000069bd040f8) 
thrown [s\open\src\hotspot\share\prims\jni.cpp, line 520]
Event: 6.490 Thread 0x000001bfbcd54330 Exception <a 'sun/nio/fs/WindowsException'{0x000000069bd04b38}> (0x000000069bd04b38) 
thrown [s\open\src\hotspot\share\prims\jni.cpp, line 520]
Event: 6.491 Thread 0x000001bfbcd54330 Exception <a 'sun/nio/fs/WindowsException'{0x000000069bd24f50}> (0x000000069bd24f50) 
thrown [s\open\src\hotspot\share\prims\jni.cpp, line 520]
Event: 6.491 Thread 0x000001bfbcd54330 Exception <a 'sun/nio/fs/WindowsException'{0x000000069bd258b8}> (0x000000069bd258b8) 
thrown [s\open\src\hotspot\share\prims\jni.cpp, line 520]
Event: 6.491 Thread 0x000001bfbcd54330 Exception <a 'sun/nio/fs/WindowsException'{0x000000069bd262f8}> (0x000000069bd262f8) 
thrown [s\open\src\hotspot\share\prims\jni.cpp, line 520]
Event: 6.495 Thread 0x000001bfbcd54330 Exception <a 'sun/nio/fs/WindowsException'{0x000000069be09a90}> (0x000000069be09a90) 
thrown [s\open\src\hotspot\share\prims\jni.cpp, line 520]
Event: 6.498 Thread 0x000001bfbcd54330 Exception <a 'sun/nio/fs/WindowsException'{0x000000069be232d8}> (0x000000069be232d8) 
thrown [s\open\src\hotspot\share\prims\jni.cpp, line 520]
Event: 6.500 Thread 0x000001bfbcd54330 Exception <a 'sun/nio/fs/WindowsException'{0x000000069be3ee78}> (0x000000069be3ee78) 
thrown [s\open\src\hotspot\share\prims\jni.cpp, line 520]
Event: 6.500 Thread 0x000001bfbcd54330 Exception <a 'sun/nio/fs/WindowsException'{0x000000069be3f580}> (0x000000069be3f580) 
thrown [s\open\src\hotspot\share\prims\jni.cpp, line 520]
Event: 6.500 Thread 0x000001bfbcd54330 Exception <a 'sun/nio/fs/WindowsException'{0x000000069be3fb50}> (0x000000069be3fb50) 
thrown [s\open\src\hotspot\share\prims\jni.cpp, line 520]
Event: 6.500 Thread 0x000001bfbcd54330 Exception <a 'sun/nio/fs/WindowsException'{0x000000069be40228}> (0x000000069be40228) 
thrown [s\open\src\hotspot\share\prims\jni.cpp, line 520]
Event: 6.728 Thread 0x000001bfbcd54330 Implicit null exception at 0x000001bfce99de77 to 0x000001bfce99e0e8
Event: 6.744 Thread 0x000001bfe09970b0 Exception <a 'java/lang/NoSuchMethodError'{0x000000069019c9a8}: 'java.lang.Object java.lang.invoke.DirectMethodHandle$Holder.invokeStatic(java.lang.Object, long, java.lang.Object)'> (0x000000069019c9a8) 
thrown [s\open\src\hotspot\share\interpreter\linkResolver.cpp, line 773]
Event: 6.744 Thread 0x000001bfe09970b0 Exception <a 'java/lang/NoSuchMethodError'{0x000000069019fd50}: 'java.lang.Object java.lang.invoke.DirectMethodHandle$Holder.invokeStaticInit(java.lang.Object, long, java.lang.Object)'> (0x000000069019fd50) 
thrown [s\open\src\hotspot\share\interpreter\linkResolver.cpp, line 773]
Event: 6.744 Thread 0x000001bfe09970b0 Exception <a 'java/lang/NoSuchMethodError'{0x00000006901a5110}: 'java.lang.Object java.lang.invoke.DirectMethodHandle$Holder.newInvokeSpecial(java.lang.Object, long)'> (0x00000006901a5110) 
thrown [s\open\src\hotspot\share\interpreter\linkResolver.cpp, line 773]
Event: 6.745 Thread 0x000001bfe09970b0 Exception <a 'java/lang/NoSuchMethodError'{0x00000006901a9898}: 'long java.lang.invoke.DirectMethodHandle$Holder.invokeInterface(java.lang.Object, java.lang.Object)'> (0x00000006901a9898) 
thrown [s\open\src\hotspot\share\interpreter\linkResolver.cpp, line 773]
Event: 6.746 Thread 0x000001bfe09970b0 Exception <a 'java/lang/NoSuchMethodError'{0x00000006901acd50}: 'long java.lang.invoke.DelegatingMethodHandle$Holder.reinvoke_L(java.lang.Object, java.lang.Object)'> (0x00000006901acd50) 
thrown [s\open\src\hotspot\share\interpreter\linkResolver.cpp, line 773]
Event: 6.785 Thread 0x000001bfbcd54330 Exception <a 'java/lang/NoSuchMethodError'{0x00000006902f3d70}: 'java.lang.Object java.lang.invoke.DirectMethodHandle$Holder.invokeStaticInit(java.lang.Object, java.lang.Object, int, int, int, int)'> (0x00000006902f3d70) 
thrown [s\open\src\hotspot\share\interpreter\linkResolver.cpp, line 773]
Event: 6.958 Thread 0x000001bfbcd54330 Exception <a 'java/lang/NoSuchMethodError'{0x000000068a11eba8}: 'void java.lang.invoke.DirectMethodHandle$Holder.invokeStatic(java.lang.Object, long)'> (0x000000068a11eba8) 
thrown [s\open\src\hotspot\share\interpreter\linkResolver.cpp, line 773]

ZGC Phase Switch (0 events):
No events

VM Operations (20 events):
Event: 5.650 Executing VM operation: G1CollectForAllocation (G1 Evacuation Pause)
Event: 5.662 Executing VM operation: G1CollectForAllocation (G1 Evacuation Pause) done
Event: 6.459 Executing VM operation: G1CollectForAllocation (G1 Evacuation Pause)
Event: 6.476 Executing VM operation: G1CollectForAllocation (G1 Evacuation Pause) done
Event: 6.722 Executing VM operation: HandshakeAllThreads (Deoptimize)
Event: 6.722 Executing VM operation: HandshakeAllThreads (Deoptimize) done
Event: 6.724 Executing VM operation: ICBufferFull
Event: 6.725 Executing VM operation: ICBufferFull done
Event: 6.744 Executing VM operation: HandshakeAllThreads (Deoptimize)
Event: 6.744 Executing VM operation: HandshakeAllThreads (Deoptimize) done
Event: 6.914 Executing VM operation: HandshakeAllThreads (Deoptimize)
Event: 6.914 Executing VM operation: HandshakeAllThreads (Deoptimize) done
Event: 6.928 Executing VM operation: HandshakeAllThreads (Deoptimize)
Event: 6.928 Executing VM operation: HandshakeAllThreads (Deoptimize) done
Event: 6.928 Executing VM operation: HandshakeAllThreads (Deoptimize)
Event: 6.929 Executing VM operation: HandshakeAllThreads (Deoptimize) done
Event: 6.960 Executing VM operation: HandshakeAllThreads (Deoptimize)
Event: 6.960 Executing VM operation: HandshakeAllThreads (Deoptimize) done
Event: 7.962 Executing VM operation: Cleanup
Event: 7.962 Executing VM operation: Cleanup done

Events (20 events):
Event: 0.042 Thread 0x000001bfe08801c0 Thread added: 0x000001bfe08801c0
Event: 0.059 Thread 0x000001bfe0997dd0 Thread added: 0x000001bfe0997dd0
Event: 0.116 Thread 0x000001bfe0996390 Thread added: 0x000001bfe0996390
Event: 0.116 Thread 0x000001bfe0997740 Thread added: 0x000001bfe0997740
Event: 0.277 Thread 0x000001bfe0994fe0 Thread added: 0x000001bfe0994fe0
Event: 0.570 Thread 0x000001bfe0994fe0 Thread exited: 0x000001bfe0994fe0
Event: 0.645 Thread 0x000001c02682ad80 Thread added: 0x000001c02682ad80
Event: 0.648 Thread 0x000001c02682b430 Thread added: 0x000001c02682b430
Event: 1.686 Thread 0x000001bfe0995d00 Thread added: 0x000001bfe0995d00
Event: 4.821 Thread 0x000001c02682b430 Thread exited: 0x000001c02682b430
Event: 6.044 Thread 0x000001c027b93130 Thread added: 0x000001c027b93130
Event: 6.724 Thread 0x000001bfe09970b0 Thread added: 0x000001bfe09970b0
Event: 6.746 Thread 0x000001bfe09970b0 Thread exited: 0x000001bfe09970b0
Event: 6.877 Thread 0x000001bfe09970b0 Thread added: 0x000001bfe09970b0
Event: 6.882 Thread 0x000001bfe0998460 Thread added: 0x000001bfe0998460
Event: 6.947 Thread 0x000001bfe0994fe0 Thread added: 0x000001bfe0994fe0
Event: 6.976 Thread 0x000001bfe0995670 Thread added: 0x000001bfe0995670
Event: 6.977 Thread 0x000001c027c6c690 Thread added: 0x000001c027c6c690
Event: 6.990 Thread 0x000001c027c6edf0 Thread added: 0x000001c027c6edf0
Event: 7.212 Thread 0x000001c027b93130 Thread exited: 0x000001c027b93130


Dynamic libraries:
0x00007ff6e7020000 - 0x00007ff6e7030000 	C:\Program Files\Java\jdk-21\bin\java.exe
0x00007ffbead20000 - 0x00007ffbeaf87000 	C:\WINDOWS\SYSTEM32\ntdll.dll
0x00007ffbe9e50000 - 0x00007ffbe9f19000 	C:\WINDOWS\System32\KERNEL32.DLL
0x00007ffbe7fc0000 - 0x00007ffbe83b0000 	C:\WINDOWS\System32\KERNELBASE.dll
0x00007ffbe8540000 - 0x00007ffbe868b000 	C:\WINDOWS\System32\ucrtbase.dll
0x00007ffbd8820000 - 0x00007ffbd883b000 	C:\Program Files\Java\jdk-21\bin\VCRUNTIME140.dll
0x00007ffbe25b0000 - 0x00007ffbe25c9000 	C:\Program Files\Java\jdk-21\bin\jli.dll
0x00007ffbea7a0000 - 0x00007ffbea854000 	C:\WINDOWS\System32\ADVAPI32.dll
0x00007ffbe9da0000 - 0x00007ffbe9e49000 	C:\WINDOWS\System32\msvcrt.dll
0x00007ffbe9160000 - 0x00007ffbe9206000 	C:\WINDOWS\System32\sechost.dll
0x00007ffbea510000 - 0x00007ffbea628000 	C:\WINDOWS\System32\RPCRT4.dll
0x00007ffbe9bd0000 - 0x00007ffbe9d95000 	C:\WINDOWS\System32\USER32.dll
0x00007ffbe7f90000 - 0x00007ffbe7fb7000 	C:\WINDOWS\System32\win32u.dll
0x00007ffbe9410000 - 0x00007ffbe943b000 	C:\WINDOWS\System32\GDI32.dll
0x00007ffbe7e50000 - 0x00007ffbe7f88000 	C:\WINDOWS\System32\gdi32full.dll
0x00007ffbe8810000 - 0x00007ffbe88b3000 	C:\WINDOWS\System32\msvcp_win.dll
0x00007ffbd11a0000 - 0x00007ffbd143a000 	C:\WINDOWS\WinSxS\amd64_microsoft.windows.common-controls_6595b64144ccf1df_6.0.26100.4768_none_3e0c112ce331287c\COMCTL32.dll
0x00007ffbd90b0000 - 0x00007ffbd90bb000 	C:\WINDOWS\SYSTEM32\VERSION.dll
0x00007ffbe9b90000 - 0x00007ffbe9bbf000 	C:\WINDOWS\System32\IMM32.DLL
0x00007ffbd8a00000 - 0x00007ffbd8a0c000 	C:\Program Files\Java\jdk-21\bin\vcruntime140_1.dll
0x00007ffbd2d50000 - 0x00007ffbd2dde000 	C:\Program Files\Java\jdk-21\bin\msvcp140.dll
0x00007ffb80720000 - 0x00007ffb8142d000 	C:\Program Files\Java\jdk-21\bin\server\jvm.dll
0x00007ffbe90b0000 - 0x00007ffbe9124000 	C:\WINDOWS\System32\WS2_32.dll
0x00007ffbe7cb0000 - 0x00007ffbe7d0e000 	C:\WINDOWS\SYSTEM32\POWRPROF.dll
0x00007ffbd3690000 - 0x00007ffbd36c5000 	C:\WINDOWS\SYSTEM32\WINMM.dll
0x00007ffbe7c90000 - 0x00007ffbe7ca4000 	C:\WINDOWS\SYSTEM32\UMPDC.dll
0x00007ffbe6bd0000 - 0x00007ffbe6beb000 	C:\WINDOWS\SYSTEM32\kernel.appcore.dll
0x00007ffbd8810000 - 0x00007ffbd881a000 	C:\Program Files\Java\jdk-21\bin\jimage.dll
0x00007ffbe5510000 - 0x00007ffbe5751000 	C:\WINDOWS\SYSTEM32\DBGHELP.DLL
0x00007ffbe8d20000 - 0x00007ffbe90a5000 	C:\WINDOWS\System32\combase.dll
0x00007ffbe8ab0000 - 0x00007ffbe8b90000 	C:\WINDOWS\System32\OLEAUT32.dll
0x00007ffbbe470000 - 0x00007ffbbe4b3000 	C:\WINDOWS\SYSTEM32\dbgcore.DLL
0x00007ffbe8950000 - 0x00007ffbe89e9000 	C:\WINDOWS\System32\bcryptPrimitives.dll
0x00007ffbd8620000 - 0x00007ffbd862f000 	C:\Program Files\Java\jdk-21\bin\instrument.dll
0x00007ffbd87a0000 - 0x00007ffbd87bf000 	C:\Program Files\Java\jdk-21\bin\java.dll
0x00007ffbe9440000 - 0x00007ffbe9b8d000 	C:\WINDOWS\System32\SHELL32.dll
0x00007ffbe8690000 - 0x00007ffbe8803000 	C:\WINDOWS\System32\wintypes.dll
0x00007ffbe5a30000 - 0x00007ffbe628f000 	C:\WINDOWS\SYSTEM32\windows.storage.dll
0x00007ffbe8c20000 - 0x00007ffbe8d15000 	C:\WINDOWS\System32\SHCORE.dll
0x00007ffbeaab0000 - 0x00007ffbeab1a000 	C:\WINDOWS\System32\shlwapi.dll
0x00007ffbe7d70000 - 0x00007ffbe7d99000 	C:\WINDOWS\SYSTEM32\profapi.dll
0x00007ffbcf360000 - 0x00007ffbcf437000 	C:\Program Files\Java\jdk-21\bin\jsvml.dll
0x00007ffbd3a20000 - 0x00007ffbd3a38000 	C:\Program Files\Java\jdk-21\bin\zip.dll
0x00007ffbd8790000 - 0x00007ffbd87a0000 	C:\Program Files\Java\jdk-21\bin\net.dll
0x00007ffbd81a0000 - 0x00007ffbd82be000 	C:\WINDOWS\SYSTEM32\WINHTTP.dll
0x00007ffbe7160000 - 0x00007ffbe71cb000 	C:\WINDOWS\system32\mswsock.dll
0x00007ffbd8770000 - 0x00007ffbd8786000 	C:\Program Files\Java\jdk-21\bin\nio.dll
0x00007ffbd37f0000 - 0x00007ffbd380a000 	C:\Program Files\JetBrains\IntelliJ IDEA Community Edition 2024.1.4\bin\breakgen64.dll
0x00007ffbd86e0000 - 0x00007ffbd86e9000 	C:\Program Files\Java\jdk-21\bin\extnet.dll
0x00007ffbd3740000 - 0x00007ffbd3764000 	C:\Users\Programatriz\AppData\Local\Temp\jansi-2.4.2-92075a515331c68e-jansi.dll
0x00007ffbd6000000 - 0x00007ffbd6010000 	C:\Program Files\Java\jdk-21\bin\verify.dll
0x00007ffbe7420000 - 0x00007ffbe743b000 	C:\WINDOWS\SYSTEM32\CRYPTSP.dll
0x00007ffbe6b30000 - 0x00007ffbe6b6b000 	C:\WINDOWS\system32\rsaenh.dll
0x00007ffbe7200000 - 0x00007ffbe722b000 	C:\WINDOWS\SYSTEM32\USERENV.dll
0x00007ffbe7d40000 - 0x00007ffbe7d66000 	C:\WINDOWS\SYSTEM32\bcrypt.dll
0x00007ffbe7440000 - 0x00007ffbe744c000 	C:\WINDOWS\SYSTEM32\CRYPTBASE.dll
0x00007ffbe65c0000 - 0x00007ffbe65f3000 	C:\WINDOWS\SYSTEM32\IPHLPAPI.DLL
0x00007ffbeaa20000 - 0x00007ffbeaa2a000 	C:\WINDOWS\System32\NSI.dll

dbghelp: loaded successfully - version: 4.0.5 - missing functions: none
symbol engine: initialized successfully - sym options: 0x614 - pdb path: .;C:\Program Files\Java\jdk-21\bin;C:\WINDOWS\SYSTEM32;C:\WINDOWS\WinSxS\amd64_microsoft.windows.common-controls_6595b64144ccf1df_6.0.26100.4768_none_3e0c112ce331287c;C:\Program Files\Java\jdk-21\bin\server;C:\Program Files\JetBrains\IntelliJ IDEA Community Edition 2024.1.4\bin;C:\Users\Programatriz\AppData\Local\Temp

VM Arguments:
jvm_args: -Dmaven.multiModuleProjectDirectory=C:\development\portfolio\hateoas -Djansi.passthrough=true -Dmaven.home=C:\Users\Programatriz\.m2\wrapper\dists\apache-maven-3.9.11-bin\6mqf5t809d9geo83kj4ttckcbc\apache-maven-3.9.11 -Dclassworlds.conf=C:\Users\Programatriz\.m2\wrapper\dists\apache-maven-3.9.11-bin\6mqf5t809d9geo83kj4ttckcbc\apache-maven-3.9.11\bin\m2.conf -Dmaven.ext.class.path=C:\Program Files\JetBrains\IntelliJ IDEA Community Edition 2024.1.4\plugins\maven\lib\maven-event-listener.jar -javaagent:C:\Program Files\JetBrains\IntelliJ IDEA Community Edition 2024.1.4\lib\idea_rt.jar=58096:C:\Program Files\JetBrains\IntelliJ IDEA Community Edition 2024.1.4\bin -Dfile.encoding=UTF-8 -Dsun.stdout.encoding=UTF-8 -Dsun.stderr.encoding=UTF-8 
java_command: org.codehaus.classworlds.Launcher -Didea.version=2024.1.4 clean install
java_class_path (initial): C:\Users\Programatriz\.m2\wrapper\dists\apache-maven-3.9.11-bin\6mqf5t809d9geo83kj4ttckcbc\apache-maven-3.9.11\boot\plexus-classworlds-2.9.0.jar;C:\Users\Programatriz\.m2\wrapper\dists\apache-maven-3.9.11-bin\6mqf5t809d9geo83kj4ttckcbc\apache-maven-3.9.11\boot\plexus-classworlds.license
Launcher Type: SUN_STANDARD

[Global flags]
     intx CICompilerCount                          = 4                                         {product} {ergonomic}
     uint ConcGCThreads                            = 2                                         {product} {ergonomic}
     uint G1ConcRefinementThreads                  = 8                                         {product} {ergonomic}
   size_t G1HeapRegionSize                         = 4194304                                   {product} {ergonomic}
    uintx GCDrainStackTargetSize                   = 64                                        {product} {ergonomic}
   size_t InitialHeapSize                          = 398458880                                 {product} {ergonomic}
   size_t MarkStackSize                            = 4194304                                   {product} {ergonomic}
   size_t MaxHeapSize                              = 6371147776                                {product} {ergonomic}
   size_t MaxNewSize                               = 3821010944                                {product} {ergonomic}
   size_t MinHeapDeltaBytes                        = 4194304                                   {product} {ergonomic}
   size_t MinHeapSize                              = 8388608                                   {product} {ergonomic}
    uintx NonNMethodCodeHeapSize                   = 5839372                                {pd product} {ergonomic}
    uintx NonProfiledCodeHeapSize                  = 122909434                              {pd product} {ergonomic}
    uintx ProfiledCodeHeapSize                     = 122909434                              {pd product} {ergonomic}
    uintx ReservedCodeCacheSize                    = 251658240                              {pd product} {ergonomic}
     bool SegmentedCodeCache                       = true                                      {product} {ergonomic}
   size_t SoftMaxHeapSize                          = 6371147776                             {manageable} {ergonomic}
     bool UseCompressedOops                        = true                           {product lp64_product} {ergonomic}
     bool UseG1GC                                  = true                                      {product} {ergonomic}
     bool UseLargePagesIndividualAllocation        = false                                  {pd product} {ergonomic}

Logging:
Log output configuration:
 #0: stdout all=warning uptime,level,tags foldmultilines=false
 #1: stderr all=off uptime,level,tags foldmultilines=false

Environment Variables:
JAVA_HOME=C:\Program Files\Java\jdk-21
PATH=C:\Program Files\Common Files\Oracle\Java\javapath;C:\Program Files\Java\jdk-21\bin;C:\WINDOWS\system32;C:\WINDOWS;C:\WINDOWS\System32\Wbem;C:\WINDOWS\System32\WindowsPowerShell\v1.0\;C:\WINDOWS\System32\OpenSSH\;C:\Program Files\Git\cmd;C:\Developer\tools\apache-maven-3.9.8\bin;C:\Users\silvi\AppData\Roaming\nvm;C:\Program Files\nodejs;C:\Windows\System32;C:\Program Files\PuTTY\;;C:\Gradle\gradle-8.9\bin;C:\Users\silvi\AppData\Roaming\npm;C:\Users\silvi\AppData\Local\Programs\Microsoft VS Code\bin;C:\Program Files\Docker\Docker\resources\bin;C:\Users\Programatriz\anaconda3;C:\Users\Programatriz\anaconda3\Library\mingw-w64\bin;C:\Users\Programatriz\anaconda3\Library\usr\bin;C:\Users\Programatriz\anaconda3\Library\bin;C:\Users\Programatriz\anaconda3\Scripts;C:\Users\Programatriz\AppData\Local\Microsoft\WindowsApps;C:\Users\Programatriz\AppData\Local\Programs\Microsoft VS Code\bin;C:\Users\silvi\AppData\Roaming\nvm;C:\Program Files\nodejs;C:\Program Files\heroku\bin
USERNAME=Programatriz
OS=Windows_NT
PROCESSOR_IDENTIFIER=Intel64 Family 6 Model 140 Stepping 1, GenuineIntel
TMP=C:\Users\PROGRA~1\AppData\Local\Temp
TEMP=C:\Users\PROGRA~1\AppData\Local\Temp




Periodic native trim disabled

---------------  S Y S T E M  ---------------

OS:
 Windows 11 , 64 bit Build 26100 (10.0.26100.4768)
OS uptime: 0 days 4:05 hours
Hyper-V role detected

CPU: total 8 (initial active 8) (4 cores per cpu, 2 threads per core) family 6 model 140 stepping 1 microcode 0x8a, cx8, cmov, fxsr, ht, mmx, 3dnowpref, sse, sse2, sse3, ssse3, sse4.1, sse4.2, popcnt, lzcnt, tsc, tscinvbit, avx, avx2, aes, erms, clmul, bmi1, bmi2, adx, avx512f, avx512dq, avx512cd, avx512bw, avx512vl, sha, fma, vzeroupper, avx512_vpopcntdq, avx512_vpclmulqdq, avx512_vaes, avx512_vnni, clflush, clflushopt, clwb, avx512_vbmi2, avx512_vbmi, hv, rdtscp, rdpid, fsrm, gfni, avx512_bitalg, f16c, cet_ibt, cet_ss, avx512_ifma
Processor Information for all 8 processors :
  Max Mhz: 2419, Current Mhz: 2419, Mhz Limit: 2419

Memory: 4k page, system-wide physical 24299M (2490M free)
TotalPageFile size 24299M (AvailPageFile size 34M)
current process WorkingSet (physical memory assigned to process): 395M, peak: 395M
current process commit charge ("private bytes"): 433M, peak: 535M

vm_info: Java HotSpot(TM) 64-Bit Server VM (21.0.3+7-LTS-152) for windows-amd64 JRE (21.0.3+7-LTS-152), built on 2024-03-11T17:42:26Z by "mach5one" with MS VC++ 17.6 (VS2022)

END.
